============================= test session starts ==============================
platform linux -- Python 3.9.20, pytest-8.3.3, pluggy-1.5.0
rootdir: /root/kserve/test/e2e
configfile: pytest.ini
plugins: asyncio-0.24.0, anyio-4.6.2.post1
asyncio: mode=strict, default_loop_scope=None
collected 93 items

batcher/test_batcher.py::test_batcher 
-------------------------------- live log setup --------------------------------
INFO     kserve:conftest.py:31 Logger configured
FAILED                                                                   [  1%]
batcher/test_batcher_custom_port.py::test_batcher_custom_port FAILED     [  2%]
batcher/test_raw_batcher.py::test_batcher_raw 
-------------------------------- live log call ---------------------------------
INFO     kserve.trace:utils.py:142 Sending Header = {'Host': 'isvc-raw-sklearn-batcher-kserve-ci-e2e-test.example.com', 'Content-Type': 'application/json'}
INFO     kserve.trace:utils.py:143 base url = http://172.30.87.172
INFO     kserve.trace:utils.py:142 Sending Header = {'Host': 'isvc-raw-sklearn-batcher-kserve-ci-e2e-test.example.com', 'Content-Type': 'application/json'}
INFO     kserve.trace:utils.py:143 base url = http://172.30.87.172
INFO     kserve.trace:utils.py:142 Sending Header = {'Host': 'isvc-raw-sklearn-batcher-kserve-ci-e2e-test.example.com', 'Content-Type': 'application/json'}
INFO     kserve.trace:utils.py:143 base url = http://172.30.87.172
INFO     kserve.trace:utils.py:142 Sending Header = {'Host': 'isvc-raw-sklearn-batcher-kserve-ci-e2e-test.example.com', 'Content-Type': 'application/json'}
INFO     kserve.trace:utils.py:143 base url = http://172.30.87.172
INFO     kserve.trace:inference_client.py:484 url: http://172.30.87.172/v1/models/isvc-raw-sklearn-batcher:predict
INFO     kserve.trace:inference_client.py:485 request data: {'instances': [[6.8, 2.8, 4.8, 1.4], [6.0, 1.0, 4.5, 1.6]]}
INFO     kserve.trace:inference_client.py:484 url: http://172.30.87.172/v1/models/isvc-raw-sklearn-batcher:predict
INFO     kserve.trace:inference_client.py:485 request data: {'instances': [[6.8, 2.8, 4.8, 1.4], [6.0, 3.4, 4.5, 1.6]]}
INFO     kserve.trace:inference_client.py:484 url: http://172.30.87.172/v1/models/isvc-raw-sklearn-batcher:predict
INFO     kserve.trace:inference_client.py:485 request data: {'instances': [[6.8, 2.8, 4.8, 1.4], [6.0, 3.4, 4.5, 1.6]]}
INFO     kserve.trace:inference_client.py:484 url: http://172.30.87.172/v1/models/isvc-raw-sklearn-batcher:predict
INFO     kserve.trace:inference_client.py:485 request data: {'instances': [[6.8, 2.8, 4.8, 1.4], [6.0, 3.4, 4.5, 1.6]]}
FAILED                                                                   [  3%]
credentials/test_set_creds.py::test_set_credentials_s3 PASSED            [  4%]
credentials/test_set_creds.py::test_set_credentials_gcp PASSED           [  5%]
credentials/test_set_creds.py::test_azure_credentials PASSED             [  6%]
custom/test_custom_model_grpc.py::test_custom_model_grpc FAILED          [  7%]
custom/test_custom_model_grpc.py::test_predictor_grpc_with_transformer_grpc FAILED [  8%]
custom/test_custom_model_grpc.py::test_predictor_grpc_with_transformer_http FAILED [  9%]
custom/test_ray.py::test_custom_model_http_ray FAILED                    [ 10%]
explainer/test_art_explainer.py::test_tabular_explainer 
-------------------------------- live log call ---------------------------------
INFO     root:test_art_explainer.py:80 {'apiVersion': 'serving.knative.dev/v1', 'kind': 'Service', 'metadata': {'annotations': {'serving.knative.dev/creator': 'system:serviceaccount:kserve:kserve-controller-manager', 'serving.knative.dev/lastModifier': 'system:serviceaccount:kserve:kserve-controller-manager'}, 'creationTimestamp': '2024-11-07T08:55:22Z', 'generation': 1, 'labels': {'component': 'predictor', 'serving.kserve.io/inferenceservice': 'art-explainer'}, 'managedFields': [{'apiVersion': 'serving.knative.dev/v1', 'fieldsType': 'FieldsV1', 'fieldsV1': {'f:metadata': {'f:labels': {'.': {}, 'f:component': {}, 'f:serving.kserve.io/inferenceservice': {}}, 'f:ownerReferences': {'.': {}, 'k:{"uid":"6fbdf8e1-7a2a-4a57-8fed-ec8eceb4e860"}': {}}}, 'f:spec': {'.': {}, 'f:template': {'.': {}, 'f:metadata': {'.': {}, 'f:annotations': {'.': {}, 'f:autoscaling.knative.dev/class': {}, 'f:autoscaling.knative.dev/min-scale': {}, 'f:internal.serving.kserve.io/storage-initializer-sourceuri': {}, 'f:prometheus.kserve.io/path': {}, 'f:prometheus.kserve.io/port': {}}, 'f:creationTimestamp': {}, 'f:labels': {'.': {}, 'f:component': {}, 'f:serving.kserve.io/inferenceservice': {}}}, 'f:spec': {'.': {}, 'f:containers': {}}}, 'f:traffic': {}}}, 'manager': 'manager', 'operation': 'Update', 'time': '2024-11-07T08:55:22Z'}, {'apiVersion': 'serving.knative.dev/v1', 'fieldsType': 'FieldsV1', 'fieldsV1': {'f:status': {'.': {}, 'f:address': {'.': {}, 'f:url': {}}, 'f:conditions': {}, 'f:latestCreatedRevisionName': {}, 'f:latestReadyRevisionName': {}, 'f:observedGeneration': {}, 'f:traffic': {}, 'f:url': {}}}, 'manager': 'controller', 'operation': 'Update', 'subresource': 'status', 'time': '2024-11-07T08:56:45Z'}], 'name': 'art-explainer-predictor', 'namespace': 'kserve-ci-e2e-test', 'ownerReferences': [{'apiVersion': 'serving.kserve.io/v1beta1', 'blockOwnerDeletion': True, 'controller': True, 'kind': 'InferenceService', 'name': 'art-explainer', 'uid': '6fbdf8e1-7a2a-4a57-8fed-ec8eceb4e860'}], 'resourceVersion': '376872', 'uid': '2c07a489-838a-48a4-abc1-956bf1d6b810'}, 'spec': {'template': {'metadata': {'annotations': {'autoscaling.knative.dev/class': 'kpa.autoscaling.knative.dev', 'autoscaling.knative.dev/min-scale': '1', 'internal.serving.kserve.io/storage-initializer-sourceuri': 'gs://kfserving-examples/models/sklearn/mnist/art', 'prometheus.kserve.io/path': '/metrics', 'prometheus.kserve.io/port': '8080'}, 'creationTimestamp': None, 'labels': {'component': 'predictor', 'serving.kserve.io/inferenceservice': 'art-explainer'}}, 'spec': {'containerConcurrency': 0, 'containers': [{'args': ['--model_name=art-explainer', '--model_dir=/mnt/models', '--http_port=8080'], 'image': 'quay.io/sonikabrahma/sklearnserver:latest', 'name': 'kserve-container', 'readinessProbe': {'successThreshold': 1, 'tcpSocket': {'port': 0}}, 'resources': {'limits': {'cpu': '100m', 'memory': '256Mi'}, 'requests': {'cpu': '10m', 'memory': '128Mi'}}}], 'enableServiceLinks': False, 'timeoutSeconds': 300}}, 'traffic': [{'latestRevision': True, 'percent': 100}]}, 'status': {'address': {'url': 'http://art-explainer-predictor.kserve-ci-e2e-test.svc.cluster.local'}, 'conditions': [{'lastTransitionTime': '2024-11-07T08:56:45Z', 'status': 'True', 'type': 'ConfigurationsReady'}, {'lastTransitionTime': '2024-11-07T08:56:45Z', 'message': 'Waiting for load balancer to be ready', 'reason': 'Uninitialized', 'status': 'Unknown', 'type': 'Ready'}, {'lastTransitionTime': '2024-11-07T08:56:45Z', 'message': 'Waiting for load balancer to be ready', 'reason': 'Uninitialized', 'status': 'Unknown', 'type': 'RoutesReady'}], 'latestCreatedRevisionName': 'art-explainer-predictor-00001', 'latestReadyRevisionName': 'art-explainer-predictor-00001', 'observedGeneration': 1, 'traffic': [{'latestRevision': True, 'percent': 100, 'revisionName': 'art-explainer-predictor-00001'}], 'url': 'https://art-explainer-predictor-kserve-ci-e2e-test.apps.ocpz-standard.t313lp73.lnxero1.boe'}}
INFO     root:test_art_explainer.py:94 {'api_version': None,
 'kind': None,
 'metadata': {'annotations': {'autoscaling.knative.dev/class': 'kpa.autoscaling.knative.dev',
                              'autoscaling.knative.dev/min-scale': '1',
                              'internal.serving.kserve.io/storage-initializer-sourceuri': 'gs://kfserving-examples/models/sklearn/mnist/art',
                              'k8s.ovn.org/pod-networks': '{"default":{"ip_addresses":["10.128.2.38/23"],"mac_address":"0a:58:0a:80:02:26","gateway_ips":["10.128.2.1"],"routes":[{"dest":"10.128.0.0/14","nextHop":"10.128.2.1"},{"dest":"172.30.0.0/16","nextHop":"10.128.2.1"},{"dest":"100.64.0.0/16","nextHop":"10.128.2.1"}],"ip_address":"10.128.2.38/23","gateway_ip":"10.128.2.1"}}',
                              'k8s.v1.cni.cncf.io/network-status': '[{\n'
                                                                   '    '
                                                                   '"name": '
                                                                   '"ovn-kubernetes",\n'
                                                                   '    '
                                                                   '"interface": '
                                                                   '"eth0",\n'
                                                                   '    "ips": '
                                                                   '[\n'
                                                                   '        '
                                                                   '"10.128.2.38"\n'
                                                                   '    ],\n'
                                                                   '    "mac": '
                                                                   '"0a:58:0a:80:02:26",\n'
                                                                   '    '
                                                                   '"default": '
                                                                   'true,\n'
                                                                   '    "dns": '
                                                                   '{}\n'
                                                                   '}]',
                              'openshift.io/scc': 'restricted-v2',
                              'prometheus.kserve.io/path': '/metrics',
                              'prometheus.kserve.io/port': '8080',
                              'seccomp.security.alpha.kubernetes.io/pod': 'runtime/default',
                              'serving.knative.dev/creator': 'system:serviceaccount:kserve:kserve-controller-manager',
                              'serving.kserve.io/enable-metric-aggregation': 'false',
                              'serving.kserve.io/enable-prometheus-scraping': 'false'},
              'creation_timestamp': datetime.datetime(2024, 11, 7, 8, 55, 24, tzinfo=tzutc()),
              'deletion_grace_period_seconds': None,
              'deletion_timestamp': None,
              'finalizers': None,
              'generate_name': 'art-explainer-predictor-00001-deployment-694c9cf75d-',
              'generation': None,
              'labels': {'app': 'art-explainer-predictor-00001',
                         'component': 'predictor',
                         'pod-template-hash': '694c9cf75d',
                         'service.istio.io/canonical-name': 'art-explainer-predictor',
                         'service.istio.io/canonical-revision': 'art-explainer-predictor-00001',
                         'serving.knative.dev/configuration': 'art-explainer-predictor',
                         'serving.knative.dev/configurationGeneration': '1',
                         'serving.knative.dev/configurationUID': '3a213042-1fe7-4260-b3b5-fe089bad6310',
                         'serving.knative.dev/revision': 'art-explainer-predictor-00001',
                         'serving.knative.dev/revisionUID': '5d937c4a-517e-4fcc-b755-fa89914dd045',
                         'serving.knative.dev/service': 'art-explainer-predictor',
                         'serving.knative.dev/serviceUID': '2c07a489-838a-48a4-abc1-956bf1d6b810',
                         'serving.kserve.io/inferenceservice': 'art-explainer'},
              'managed_fields': [{'api_version': 'v1',
                                  'fields_type': 'FieldsV1',
                                  'fields_v1': {'f:metadata': {'f:annotations': {'.': {},
                                                                                 'f:autoscaling.knative.dev/class': {},
                                                                                 'f:autoscaling.knative.dev/min-scale': {},
                                                                                 'f:internal.serving.kserve.io/storage-initializer-sourceuri': {},
                                                                                 'f:prometheus.kserve.io/path': {},
                                                                                 'f:prometheus.kserve.io/port': {},
                                                                                 'f:serving.knative.dev/creator': {}},
                                                               'f:generateName': {},
                                                               'f:labels': {'.': {},
                                                                            'f:app': {},
                                                                            'f:component': {},
                                                                            'f:pod-template-hash': {},
                                                                            'f:service.istio.io/canonical-name': {},
                                                                            'f:service.istio.io/canonical-revision': {},
                                                                            'f:serving.knative.dev/configuration': {},
                                                                            'f:serving.knative.dev/configurationGeneration': {},
                                                                            'f:serving.knative.dev/configurationUID': {},
                                                                            'f:serving.knative.dev/revision': {},
                                                                            'f:serving.knative.dev/revisionUID': {},
                                                                            'f:serving.knative.dev/service': {},
                                                                            'f:serving.knative.dev/serviceUID': {},
                                                                            'f:serving.kserve.io/inferenceservice': {}},
                                                               'f:ownerReferences': {'.': {},
                                                                                     'k:{"uid":"0bb763cf-d674-4e44-8518-a680d5794792"}': {}}},
                                                'f:spec': {'f:containers': {'k:{"name":"kserve-container"}': {'.': {},
                                                                                                              'f:args': {},
                                                                                                              'f:env': {'.': {},
                                                                                                                        'k:{"name":"K_CONFIGURATION"}': {'.': {},
                                                                                                                                                         'f:name': {},
                                                                                                                                                         'f:value': {}},
                                                                                                                        'k:{"name":"K_REVISION"}': {'.': {},
                                                                                                                                                    'f:name': {},
                                                                                                                                                    'f:value': {}},
                                                                                                                        'k:{"name":"K_SERVICE"}': {'.': {},
                                                                                                                                                   'f:name': {},
                                                                                                                                                   'f:value': {}},
                                                                                                                        'k:{"name":"PORT"}': {'.': {},
                                                                                                                                              'f:name': {},
                                                                                                                                              'f:value': {}}},
                                                                                                              'f:image': {},
                                                                                                              'f:imagePullPolicy': {},
                                                                                                              'f:lifecycle': {'.': {},
                                                                                                                              'f:preStop': {'.': {},
                                                                                                                                            'f:httpGet': {'.': {},
                                                                                                                                                          'f:path': {},
                                                                                                                                                          'f:port': {},
                                                                                                                                                          'f:scheme': {}}}},
                                                                                                              'f:name': {},
                                                                                                              'f:ports': {'.': {},
                                                                                                                          'k:{"containerPort":8080,"protocol":"TCP"}': {'.': {},
                                                                                                                                                                        'f:containerPort': {},
                                                                                                                                                                        'f:name': {},
                                                                                                                                                                        'f:protocol': {}}},
                                                                                                              'f:resources': {'.': {},
                                                                                                                              'f:limits': {'.': {},
                                                                                                                                           'f:cpu': {},
                                                                                                                                           'f:memory': {}},
                                                                                                                              'f:requests': {'.': {},
                                                                                                                                             'f:cpu': {},
                                                                                                                                             'f:memory': {}}},
                                                                                                              'f:terminationMessagePath': {},
                                                                                                              'f:terminationMessagePolicy': {}},
                                                                            'k:{"name":"queue-proxy"}': {'.': {},
                                                                                                         'f:env': {'.': {},
                                                                                                                   'k:{"name":"CONTAINER_CONCURRENCY"}': {'.': {},
                                                                                                                                                          'f:name': {},
                                                                                                                                                          'f:value': {}},
                                                                                                                   'k:{"name":"ENABLE_HTTP2_AUTO_DETECTION"}': {'.': {},
                                                                                                                                                                'f:name': {},
                                                                                                                                                                'f:value': {}},
                                                                                                                   'k:{"name":"ENABLE_HTTP_FULL_DUPLEX"}': {'.': {},
                                                                                                                                                            'f:name': {},
                                                                                                                                                            'f:value': {}},
                                                                                                                   'k:{"name":"ENABLE_MULTI_CONTAINER_PROBES"}': {'.': {},
                                                                                                                                                                  'f:name': {},
                                                                                                                                                                  'f:value': {}},
                                                                                                                   'k:{"name":"ENABLE_PROFILING"}': {'.': {},
                                                                                                                                                     'f:name': {},
                                                                                                                                                     'f:value': {}},
                                                                                                                   'k:{"name":"HOST_IP"}': {'.': {},
                                                                                                                                            'f:name': {},
                                                                                                                                            'f:valueFrom': {'.': {},
                                                                                                                                                            'f:fieldRef': {}}},
                                                                                                                   'k:{"name":"METRICS_COLLECTOR_ADDRESS"}': {'.': {},
                                                                                                                                                              'f:name': {}},
                                                                                                                   'k:{"name":"METRICS_DOMAIN"}': {'.': {},
                                                                                                                                                   'f:name': {},
                                                                                                                                                   'f:value': {}},
                                                                                                                   'k:{"name":"QUEUE_SERVING_PORT"}': {'.': {},
                                                                                                                                                       'f:name': {},
                                                                                                                                                       'f:value': {}},
                                                                                                                   'k:{"name":"QUEUE_SERVING_TLS_PORT"}': {'.': {},
                                                                                                                                                           'f:name': {},
                                                                                                                                                           'f:value': {}},
                                                                                                                   'k:{"name":"REVISION_IDLE_TIMEOUT_SECONDS"}': {'.': {},
                                                                                                                                                                  'f:name': {},
                                                                                                                                                                  'f:value': {}},
                                                                                                                   'k:{"name":"REVISION_RESPONSE_START_TIMEOUT_SECONDS"}': {'.': {},
                                                                                                                                                                            'f:name': {},
                                                                                                                                                                            'f:value': {}},
                                                                                                                   'k:{"name":"REVISION_TIMEOUT_SECONDS"}': {'.': {},
                                                                                                                                                             'f:name': {},
                                                                                                                                                             'f:value': {}},
                                                                                                                   'k:{"name":"ROOT_CA"}': {'.': {},
                                                                                                                                            'f:name': {}},
                                                                                                                   'k:{"name":"SERVING_CONFIGURATION"}': {'.': {},
                                                                                                                                                          'f:name': {},
                                                                                                                                                          'f:value': {}},
                                                                                                                   'k:{"name":"SERVING_ENABLE_PROBE_REQUEST_LOG"}': {'.': {},
                                                                                                                                                                     'f:name': {},
                                                                                                                                                                     'f:value': {}},
                                                                                                                   'k:{"name":"SERVING_ENABLE_REQUEST_LOG"}': {'.': {},
                                                                                                                                                               'f:name': {},
                                                                                                                                                               'f:value': {}},
                                                                                                                   'k:{"name":"SERVING_LOGGING_CONFIG"}': {'.': {},
                                                                                                                                                           'f:name': {}},
                                                                                                                   'k:{"name":"SERVING_LOGGING_LEVEL"}': {'.': {},
                                                                                                                                                          'f:name': {}},
                                                                                                                   'k:{"name":"SERVING_NAMESPACE"}': {'.': {},
                                                                                                                                                      'f:name': {},
                                                                                                                                                      'f:value': {}},
                                                                                                                   'k:{"name":"SERVING_POD"}': {'.': {},
                                                                                                                                                'f:name': {},
                                                                                                                                                'f:valueFrom': {'.': {},
                                                                                                                                                                'f:fieldRef': {}}},
                                                                                                                   'k:{"name":"SERVING_POD_IP"}': {'.': {},
                                                                                                                                                   'f:name': {},
                                                                                                                                                   'f:valueFrom': {'.': {},
                                                                                                                                                                   'f:fieldRef': {}}},
                                                                                                                   'k:{"name":"SERVING_READINESS_PROBE"}': {'.': {},
                                                                                                                                                            'f:name': {},
                                                                                                                                                            'f:value': {}},
                                                                                                                   'k:{"name":"SERVING_REQUEST_LOG_TEMPLATE"}': {'.': {},
                                                                                                                                                                 'f:name': {},
                                                                                                                                                                 'f:value': {}},
                                                                                                                   'k:{"name":"SERVING_REQUEST_METRICS_BACKEND"}': {'.': {},
                                                                                                                                                                    'f:name': {},
                                                                                                                                                                    'f:value': {}},
                                                                                                                   'k:{"name":"SERVING_REQUEST_METRICS_REPORTING_PERIOD_SECONDS"}': {'.': {},
                                                                                                                                                                                     'f:name': {},
                                                                                                                                                                                     'f:value': {}},
                                                                                                                   'k:{"name":"SERVING_REVISION"}': {'.': {},
                                                                                                                                                     'f:name': {},
                                                                                                                                                     'f:value': {}},
                                                                                                                   'k:{"name":"SERVING_SERVICE"}': {'.': {},
                                                                                                                                                    'f:name': {},
                                                                                                                                                    'f:value': {}},
                                                                                                                   'k:{"name":"SYSTEM_NAMESPACE"}': {'.': {},
                                                                                                                                                     'f:name': {},
                                                                                                                                                     'f:value': {}},
                                                                                                                   'k:{"name":"TRACING_CONFIG_BACKEND"}': {'.': {},
                                                                                                                                                           'f:name': {},
                                                                                                                                                           'f:value': {}},
                                                                                                                   'k:{"name":"TRACING_CONFIG_DEBUG"}': {'.': {},
                                                                                                                                                         'f:name': {},
                                                                                                                                                         'f:value': {}},
                                                                                                                   'k:{"name":"TRACING_CONFIG_SAMPLE_RATE"}': {'.': {},
                                                                                                                                                               'f:name': {},
                                                                                                                                                               'f:value': {}},
                                                                                                                   'k:{"name":"TRACING_CONFIG_ZIPKIN_ENDPOINT"}': {'.': {},
                                                                                                                                                                   'f:name': {}},
                                                                                                                   'k:{"name":"USER_PORT"}': {'.': {},
                                                                                                                                              'f:name': {},
                                                                                                                                              'f:value': {}}},
                                                                                                         'f:image': {},
                                                                                                         'f:imagePullPolicy': {},
                                                                                                         'f:name': {},
                                                                                                         'f:ports': {'.': {},
                                                                                                                     'k:{"containerPort":8012,"protocol":"TCP"}': {'.': {},
                                                                                                                                                                   'f:containerPort': {},
                                                                                                                                                                   'f:name': {},
                                                                                                                                                                   'f:protocol': {}},
                                                                                                                     'k:{"containerPort":8022,"protocol":"TCP"}': {'.': {},
                                                                                                                                                                   'f:containerPort': {},
                                                                                                                                                                   'f:name': {},
                                                                                                                                                                   'f:protocol': {}},
                                                                                                                     'k:{"containerPort":8112,"protocol":"TCP"}': {'.': {},
                                                                                                                                                                   'f:containerPort': {},
                                                                                                                                                                   'f:name': {},
                                                                                                                                                                   'f:protocol': {}},
                                                                                                                     'k:{"containerPort":9090,"protocol":"TCP"}': {'.': {},
                                                                                                                                                                   'f:containerPort': {},
                                                                                                                                                                   'f:name': {},
                                                                                                                                                                   'f:protocol': {}},
                                                                                                                     'k:{"containerPort":9091,"protocol":"TCP"}': {'.': {},
                                                                                                                                                                   'f:containerPort': {},
                                                                                                                                                                   'f:name': {},
                                                                                                                                                                   'f:protocol': {}}},
                                                                                                         'f:readinessProbe': {'.': {},
                                                                                                                              'f:failureThreshold': {},
                                                                                                                              'f:httpGet': {'.': {},
                                                                                                                                            'f:httpHeaders': {},
                                                                                                                                            'f:path': {},
                                                                                                                                            'f:port': {},
                                                                                                                                            'f:scheme': {}},
                                                                                                                              'f:periodSeconds': {},
                                                                                                                              'f:successThreshold': {},
                                                                                                                              'f:timeoutSeconds': {}},
                                                                                                         'f:resources': {'.': {},
                                                                                                                         'f:requests': {'.': {},
                                                                                                                                        'f:cpu': {}}},
                                                                                                         'f:securityContext': {'.': {},
                                                                                                                               'f:allowPrivilegeEscalation': {},
                                                                                                                               'f:capabilities': {'.': {},
                                                                                                                                                  'f:drop': {}},
                                                                                                                               'f:readOnlyRootFilesystem': {},
                                                                                                                               'f:runAsNonRoot': {}},
                                                                                                         'f:terminationMessagePath': {},
                                                                                                         'f:terminationMessagePolicy': {}}},
                                                           'f:dnsPolicy': {},
                                                           'f:enableServiceLinks': {},
                                                           'f:restartPolicy': {},
                                                           'f:schedulerName': {},
                                                           'f:securityContext': {},
                                                           'f:terminationGracePeriodSeconds': {}}},
                                  'manager': 'kube-controller-manager',
                                  'operation': 'Update',
                                  'subresource': None,
                                  'time': datetime.datetime(2024, 11, 7, 8, 55, 24, tzinfo=tzutc())},
                                 {'api_version': 'v1',
                                  'fields_type': 'FieldsV1',
                                  'fields_v1': {'f:metadata': {'f:annotations': {'f:k8s.v1.cni.cncf.io/network-status': {}}}},
                                  'manager': 'multus-daemon',
                                  'operation': 'Update',
                                  'subresource': 'status',
                                  'time': datetime.datetime(2024, 11, 7, 8, 55, 24, tzinfo=tzutc())},
                                 {'api_version': 'v1',
                                  'fields_type': 'FieldsV1',
                                  'fields_v1': {'f:metadata': {'f:annotations': {'f:k8s.ovn.org/pod-networks': {}}}},
                                  'manager': 'ocpz-standard-compute-0',
                                  'operation': 'Update',
                                  'subresource': 'status',
                                  'time': datetime.datetime(2024, 11, 7, 8, 55, 24, tzinfo=tzutc())},
                                 {'api_version': 'v1',
                                  'fields_type': 'FieldsV1',
                                  'fields_v1': {'f:status': {'f:conditions': {'k:{"type":"ContainersReady"}': {'.': {},
                                                                                                               'f:lastProbeTime': {},
                                                                                                               'f:lastTransitionTime': {},
                                                                                                               'f:status': {},
                                                                                                               'f:type': {}},
                                                                              'k:{"type":"Initialized"}': {'.': {},
                                                                                                           'f:lastProbeTime': {},
                                                                                                           'f:lastTransitionTime': {},
                                                                                                           'f:status': {},
                                                                                                           'f:type': {}},
                                                                              'k:{"type":"Ready"}': {'.': {},
                                                                                                     'f:lastProbeTime': {},
                                                                                                     'f:lastTransitionTime': {},
                                                                                                     'f:status': {},
                                                                                                     'f:type': {}}},
                                                             'f:containerStatuses': {},
                                                             'f:hostIP': {},
                                                             'f:initContainerStatuses': {},
                                                             'f:phase': {},
                                                             'f:podIP': {},
                                                             'f:podIPs': {'.': {},
                                                                          'k:{"ip":"10.128.2.38"}': {'.': {},
                                                                                                     'f:ip': {}}},
                                                             'f:startTime': {}}},
                                  'manager': 'kubelet',
                                  'operation': 'Update',
                                  'subresource': 'status',
                                  'time': datetime.datetime(2024, 11, 7, 8, 56, 45, tzinfo=tzutc())}],
              'name': 'art-explainer-predictor-00001-deployment-694c9cf75d-dl7jh',
              'namespace': 'kserve-ci-e2e-test',
              'owner_references': [{'api_version': 'apps/v1',
                                    'block_owner_deletion': True,
                                    'controller': True,
                                    'kind': 'ReplicaSet',
                                    'name': 'art-explainer-predictor-00001-deployment-694c9cf75d',
                                    'uid': '0bb763cf-d674-4e44-8518-a680d5794792'}],
              'resource_version': '376835',
              'self_link': None,
              'uid': '2774354b-aebf-4b7b-a8bc-2f571bc87f1b'},
 'spec': {'active_deadline_seconds': None,
          'affinity': None,
          'automount_service_account_token': None,
          'containers': [{'args': ['--model_name=art-explainer',
                                   '--model_dir=/mnt/models',
                                   '--http_port=8080'],
                          'command': None,
                          'env': [{'name': 'PORT',
                                   'value': '8080',
                                   'value_from': None},
                                  {'name': 'K_REVISION',
                                   'value': 'art-explainer-predictor-00001',
                                   'value_from': None},
                                  {'name': 'K_CONFIGURATION',
                                   'value': 'art-explainer-predictor',
                                   'value_from': None},
                                  {'name': 'K_SERVICE',
                                   'value': 'art-explainer-predictor',
                                   'value_from': None}],
                          'env_from': None,
                          'image': 'quay.io/sonikabrahma/sklearnserver@sha256:7d32fc32433ec2f8558d75a4c2de844617bc1af99c8236d88a2399f50d389aa4',
                          'image_pull_policy': 'IfNotPresent',
                          'lifecycle': {'post_start': None,
                                        'pre_stop': {'_exec': None,
                                                     'http_get': {'host': None,
                                                                  'http_headers': None,
                                                                  'path': '/wait-for-drain',
                                                                  'port': 8022,
                                                                  'scheme': 'HTTP'},
                                                     'sleep': None,
                                                     'tcp_socket': None}},
                          'liveness_probe': None,
                          'name': 'kserve-container',
                          'ports': [{'container_port': 8080,
                                     'host_ip': None,
                                     'host_port': None,
                                     'name': 'user-port',
                                     'protocol': 'TCP'}],
                          'readiness_probe': None,
                          'resize_policy': None,
                          'resources': {'claims': None,
                                        'limits': {'cpu': '100m',
                                                   'memory': '256Mi'},
                                        'requests': {'cpu': '10m',
                                                     'memory': '128Mi'}},
                          'restart_policy': None,
                          'security_context': {'allow_privilege_escalation': False,
                                               'app_armor_profile': None,
                                               'capabilities': {'add': None,
                                                                'drop': ['ALL']},
                                               'privileged': None,
                                               'proc_mount': None,
                                               'read_only_root_filesystem': None,
                                               'run_as_group': None,
                                               'run_as_non_root': True,
                                               'run_as_user': 1000800000,
                                               'se_linux_options': None,
                                               'seccomp_profile': None,
                                               'windows_options': None},
                          'startup_probe': None,
                          'stdin': None,
                          'stdin_once': None,
                          'termination_message_path': '/dev/termination-log',
                          'termination_message_policy': 'FallbackToLogsOnError',
                          'tty': None,
                          'volume_devices': None,
                          'volume_mounts': [{'mount_path': '/var/run/secrets/kubernetes.io/serviceaccount',
                                             'mount_propagation': None,
                                             'name': 'kube-api-access-p5pbt',
                                             'read_only': True,
                                             'recursive_read_only': None,
                                             'sub_path': None,
                                             'sub_path_expr': None},
                                            {'mount_path': '/mnt/models',
                                             'mount_propagation': None,
                                             'name': 'kserve-provision-location',
                                             'read_only': True,
                                             'recursive_read_only': None,
                                             'sub_path': None,
                                             'sub_path_expr': None}],
                          'working_dir': None},
                         {'args': None,
                          'command': None,
                          'env': [{'name': 'SERVING_NAMESPACE',
                                   'value': 'kserve-ci-e2e-test',
                                   'value_from': None},
                                  {'name': 'SERVING_SERVICE',
                                   'value': 'art-explainer-predictor',
                                   'value_from': None},
                                  {'name': 'SERVING_CONFIGURATION',
                                   'value': 'art-explainer-predictor',
                                   'value_from': None},
                                  {'name': 'SERVING_REVISION',
                                   'value': 'art-explainer-predictor-00001',
                                   'value_from': None},
                                  {'name': 'QUEUE_SERVING_PORT',
                                   'value': '8012',
                                   'value_from': None},
                                  {'name': 'QUEUE_SERVING_TLS_PORT',
                                   'value': '8112',
                                   'value_from': None},
                                  {'name': 'CONTAINER_CONCURRENCY',
                                   'value': '0',
                                   'value_from': None},
                                  {'name': 'REVISION_TIMEOUT_SECONDS',
                                   'value': '300',
                                   'value_from': None},
                                  {'name': 'REVISION_RESPONSE_START_TIMEOUT_SECONDS',
                                   'value': '0',
                                   'value_from': None},
                                  {'name': 'REVISION_IDLE_TIMEOUT_SECONDS',
                                   'value': '0',
                                   'value_from': None},
                                  {'name': 'SERVING_POD',
                                   'value': None,
                                   'value_from': {'config_map_key_ref': None,
                                                  'field_ref': {'api_version': 'v1',
                                                                'field_path': 'metadata.name'},
                                                  'resource_field_ref': None,
                                                  'secret_key_ref': None}},
                                  {'name': 'SERVING_POD_IP',
                                   'value': None,
                                   'value_from': {'config_map_key_ref': None,
                                                  'field_ref': {'api_version': 'v1',
                                                                'field_path': 'status.podIP'},
                                                  'resource_field_ref': None,
                                                  'secret_key_ref': None}},
                                  {'name': 'SERVING_LOGGING_CONFIG',
                                   'value': None,
                                   'value_from': None},
                                  {'name': 'SERVING_LOGGING_LEVEL',
                                   'value': None,
                                   'value_from': None},
                                  {'name': 'SERVING_REQUEST_LOG_TEMPLATE',
                                   'value': '{"httpRequest": {"requestMethod": '
                                            '"{{.Request.Method}}", '
                                            '"requestUrl": "{{js '
                                            '.Request.RequestURI}}", '
                                            '"requestSize": '
                                            '"{{.Request.ContentLength}}", '
                                            '"status": {{.Response.Code}}, '
                                            '"responseSize": '
                                            '"{{.Response.Size}}", '
                                            '"userAgent": "{{js '
                                            '.Request.UserAgent}}", '
                                            '"remoteIp": "{{js '
                                            '.Request.RemoteAddr}}", '
                                            '"serverIp": '
                                            '"{{.Revision.PodIP}}", "referer": '
                                            '"{{js .Request.Referer}}", '
                                            '"latency": '
                                            '"{{.Response.Latency}}s", '
                                            '"protocol": '
                                            '"{{.Request.Proto}}"}, "traceId": '
                                            '"{{index .Request.Header '
                                            '"X-B3-Traceid"}}"}',
                                   'value_from': None},
                                  {'name': 'SERVING_ENABLE_REQUEST_LOG',
                                   'value': 'false',
                                   'value_from': None},
                                  {'name': 'SERVING_REQUEST_METRICS_BACKEND',
                                   'value': 'prometheus',
                                   'value_from': None},
                                  {'name': 'SERVING_REQUEST_METRICS_REPORTING_PERIOD_SECONDS',
                                   'value': '5',
                                   'value_from': None},
                                  {'name': 'TRACING_CONFIG_BACKEND',
                                   'value': 'none',
                                   'value_from': None},
                                  {'name': 'TRACING_CONFIG_ZIPKIN_ENDPOINT',
                                   'value': None,
                                   'value_from': None},
                                  {'name': 'TRACING_CONFIG_DEBUG',
                                   'value': 'false',
                                   'value_from': None},
                                  {'name': 'TRACING_CONFIG_SAMPLE_RATE',
                                   'value': '0.1',
                                   'value_from': None},
                                  {'name': 'USER_PORT',
                                   'value': '8080',
                                   'value_from': None},
                                  {'name': 'SYSTEM_NAMESPACE',
                                   'value': 'knative-serving',
                                   'value_from': None},
                                  {'name': 'METRICS_DOMAIN',
                                   'value': 'knative.dev/internal/serving',
                                   'value_from': None},
                                  {'name': 'SERVING_READINESS_PROBE',
                                   'value': '{"tcpSocket":{"port":8080,"host":"127.0.0.1"},"successThreshold":1}',
                                   'value_from': None},
                                  {'name': 'ENABLE_PROFILING',
                                   'value': 'false',
                                   'value_from': None},
                                  {'name': 'SERVING_ENABLE_PROBE_REQUEST_LOG',
                                   'value': 'false',
                                   'value_from': None},
                                  {'name': 'METRICS_COLLECTOR_ADDRESS',
                                   'value': None,
                                   'value_from': None},
                                  {'name': 'HOST_IP',
                                   'value': None,
                                   'value_from': {'config_map_key_ref': None,
                                                  'field_ref': {'api_version': 'v1',
                                                                'field_path': 'status.hostIP'},
                                                  'resource_field_ref': None,
                                                  'secret_key_ref': None}},
                                  {'name': 'ENABLE_HTTP2_AUTO_DETECTION',
                                   'value': 'false',
                                   'value_from': None},
                                  {'name': 'ENABLE_HTTP_FULL_DUPLEX',
                                   'value': 'false',
                                   'value_from': None},
                                  {'name': 'ROOT_CA',
                                   'value': None,
                                   'value_from': None},
                                  {'name': 'ENABLE_MULTI_CONTAINER_PROBES',
                                   'value': 'false',
                                   'value_from': None}],
                          'env_from': None,
                          'image': 'registry.redhat.io/openshift-serverless-1/serving-queue-rhel8@sha256:629183a90335e9159284f641103234e79a49e48785c59f3c800f74acea2faa64',
                          'image_pull_policy': 'IfNotPresent',
                          'lifecycle': None,
                          'liveness_probe': None,
                          'name': 'queue-proxy',
                          'ports': [{'container_port': 8022,
                                     'host_ip': None,
                                     'host_port': None,
                                     'name': 'http-queueadm',
                                     'protocol': 'TCP'},
                                    {'container_port': 9090,
                                     'host_ip': None,
                                     'host_port': None,
                                     'name': 'http-autometric',
                                     'protocol': 'TCP'},
                                    {'container_port': 9091,
                                     'host_ip': None,
                                     'host_port': None,
                                     'name': 'http-usermetric',
                                     'protocol': 'TCP'},
                                    {'container_port': 8012,
                                     'host_ip': None,
                                     'host_port': None,
                                     'name': 'queue-port',
                                     'protocol': 'TCP'},
                                    {'container_port': 8112,
                                     'host_ip': None,
                                     'host_port': None,
                                     'name': 'https-port',
                                     'protocol': 'TCP'}],
                          'readiness_probe': {'_exec': None,
                                              'failure_threshold': 3,
                                              'grpc': None,
                                              'http_get': {'host': None,
                                                           'http_headers': [{'name': 'K-Network-Probe',
                                                                             'value': 'queue'}],
                                                           'path': '/',
                                                           'port': 8012,
                                                           'scheme': 'HTTP'},
                                              'initial_delay_seconds': None,
                                              'period_seconds': 10,
                                              'success_threshold': 1,
                                              'tcp_socket': None,
                                              'termination_grace_period_seconds': None,
                                              'timeout_seconds': 1},
                          'resize_policy': None,
                          'resources': {'claims': None,
                                        'limits': None,
                                        'requests': {'cpu': '25m'}},
                          'restart_policy': None,
                          'security_context': {'allow_privilege_escalation': False,
                                               'app_armor_profile': None,
                                               'capabilities': {'add': None,
                                                                'drop': ['ALL']},
                                               'privileged': None,
                                               'proc_mount': None,
                                               'read_only_root_filesystem': True,
                                               'run_as_group': None,
                                               'run_as_non_root': True,
                                               'run_as_user': 1000800000,
                                               'se_linux_options': None,
                                               'seccomp_profile': None,
                                               'windows_options': None},
                          'startup_probe': None,
                          'stdin': None,
                          'stdin_once': None,
                          'termination_message_path': '/dev/termination-log',
                          'termination_message_policy': 'File',
                          'tty': None,
                          'volume_devices': None,
                          'volume_mounts': [{'mount_path': '/var/run/secrets/kubernetes.io/serviceaccount',
                                             'mount_propagation': None,
                                             'name': 'kube-api-access-p5pbt',
                                             'read_only': True,
                                             'recursive_read_only': None,
                                             'sub_path': None,
                                             'sub_path_expr': None}],
                          'working_dir': None}],
          'dns_config': None,
          'dns_policy': 'ClusterFirst',
          'enable_service_links': False,
          'ephemeral_containers': None,
          'host_aliases': None,
          'host_ipc': None,
          'host_network': None,
          'host_pid': None,
          'host_users': None,
          'hostname': None,
          'image_pull_secrets': None,
          'init_containers': [{'args': ['gs://kfserving-examples/models/sklearn/mnist/art',
                                        '/mnt/models'],
                               'command': None,
                               'env': None,
                               'env_from': None,
                               'image': 'quay.io/sonikabrahma/kserve/storage-initializer-s390x:latest',
                               'image_pull_policy': 'Always',
                               'lifecycle': None,
                               'liveness_probe': None,
                               'name': 'storage-initializer',
                               'ports': None,
                               'readiness_probe': None,
                               'resize_policy': None,
                               'resources': {'claims': None,
                                             'limits': {'cpu': '1',
                                                        'memory': '1Gi'},
                                             'requests': {'cpu': '100m',
                                                          'memory': '100Mi'}},
                               'restart_policy': None,
                               'security_context': {'allow_privilege_escalation': False,
                                                    'app_armor_profile': None,
                                                    'capabilities': {'add': None,
                                                                     'drop': ['ALL']},
                                                    'privileged': None,
                                                    'proc_mount': None,
                                                    'read_only_root_filesystem': None,
                                                    'run_as_group': None,
                                                    'run_as_non_root': True,
                                                    'run_as_user': 1000800000,
                                                    'se_linux_options': None,
                                                    'seccomp_profile': None,
                                                    'windows_options': None},
                               'startup_probe': None,
                               'stdin': None,
                               'stdin_once': None,
                               'termination_message_path': '/dev/termination-log',
                               'termination_message_policy': 'FallbackToLogsOnError',
                               'tty': None,
                               'volume_devices': None,
                               'volume_mounts': [{'mount_path': '/mnt/models',
                                                  'mount_propagation': None,
                                                  'name': 'kserve-provision-location',
                                                  'read_only': None,
                                                  'recursive_read_only': None,
                                                  'sub_path': None,
                                                  'sub_path_expr': None},
                                                 {'mount_path': '/var/run/secrets/kubernetes.io/serviceaccount',
                                                  'mount_propagation': None,
                                                  'name': 'kube-api-access-p5pbt',
                                                  'read_only': True,
                                                  'recursive_read_only': None,
                                                  'sub_path': None,
                                                  'sub_path_expr': None}],
                               'working_dir': None}],
          'node_name': 'ocpz-standard-compute-0',
          'node_selector': None,
          'os': None,
          'overhead': None,
          'preemption_policy': 'PreemptLowerPriority',
          'priority': 0,
          'priority_class_name': None,
          'readiness_gates': None,
          'resource_claims': None,
          'restart_policy': 'Always',
          'runtime_class_name': None,
          'scheduler_name': 'default-scheduler',
          'scheduling_gates': None,
          'security_context': {'app_armor_profile': None,
                               'fs_group': 1000800000,
                               'fs_group_change_policy': None,
                               'run_as_group': None,
                               'run_as_non_root': None,
                               'run_as_user': None,
                               'se_linux_options': {'level': 's0:c28,c22',
                                                    'role': None,
                                                    'type': None,
                                                    'user': None},
                               'seccomp_profile': {'localhost_profile': None,
                                                   'type': 'RuntimeDefault'},
                               'supplemental_groups': None,
                               'supplemental_groups_policy': None,
                               'sysctls': None,
                               'windows_options': None},
          'service_account': 'default',
          'service_account_name': 'default',
          'set_hostname_as_fqdn': None,
          'share_process_namespace': None,
          'subdomain': None,
          'termination_grace_period_seconds': 300,
          'tolerations': [{'effect': 'NoExecute',
                           'key': 'node.kubernetes.io/not-ready',
                           'operator': 'Exists',
                           'toleration_seconds': 300,
                           'value': None},
                          {'effect': 'NoExecute',
                           'key': 'node.kubernetes.io/unreachable',
                           'operator': 'Exists',
                           'toleration_seconds': 300,
                           'value': None},
                          {'effect': 'NoSchedule',
                           'key': 'node.kubernetes.io/memory-pressure',
                           'operator': 'Exists',
                           'toleration_seconds': None,
                           'value': None}],
          'topology_spread_constraints': None,
          'volumes': [{'aws_elastic_block_store': None,
                       'azure_disk': None,
                       'azure_file': None,
                       'cephfs': None,
                       'cinder': None,
                       'config_map': None,
                       'csi': None,
                       'downward_api': None,
                       'empty_dir': None,
                       'ephemeral': None,
                       'fc': None,
                       'flex_volume': None,
                       'flocker': None,
                       'gce_persistent_disk': None,
                       'git_repo': None,
                       'glusterfs': None,
                       'host_path': None,
                       'image': None,
                       'iscsi': None,
                       'name': 'kube-api-access-p5pbt',
                       'nfs': None,
                       'persistent_volume_claim': None,
                       'photon_persistent_disk': None,
                       'portworx_volume': None,
                       'projected': {'default_mode': 420,
                                     'sources': [{'cluster_trust_bundle': None,
                                                  'config_map': None,
                                                  'downward_api': None,
                                                  'secret': None,
                                                  'service_account_token': {'audience': None,
                                                                            'expiration_seconds': 3607,
                                                                            'path': 'token'}},
                                                 {'cluster_trust_bundle': None,
                                                  'config_map': {'items': [{'key': 'ca.crt',
                                                                            'mode': None,
                                                                            'path': 'ca.crt'}],
                                                                 'name': 'kube-root-ca.crt',
                                                                 'optional': None},
                                                  'downward_api': None,
                                                  'secret': None,
                                                  'service_account_token': None},
                                                 {'cluster_trust_bundle': None,
                                                  'config_map': None,
                                                  'downward_api': {'items': [{'field_ref': {'api_version': 'v1',
                                                                                            'field_path': 'metadata.namespace'},
                                                                              'mode': None,
                                                                              'path': 'namespace',
                                                                              'resource_field_ref': None}]},
                                                  'secret': None,
                                                  'service_account_token': None},
                                                 {'cluster_trust_bundle': None,
                                                  'config_map': {'items': [{'key': 'service-ca.crt',
                                                                            'mode': None,
                                                                            'path': 'service-ca.crt'}],
                                                                 'name': 'openshift-service-ca.crt',
                                                                 'optional': None},
                                                  'downward_api': None,
                                                  'secret': None,
                                                  'service_account_token': None}]},
                       'quobyte': None,
                       'rbd': None,
                       'scale_io': None,
                       'secret': None,
                       'storageos': None,
                       'vsphere_volume': None},
                      {'aws_elastic_block_store': None,
                       'azure_disk': None,
                       'azure_file': None,
                       'cephfs': None,
                       'cinder': None,
                       'config_map': None,
                       'csi': None,
                       'downward_api': None,
                       'empty_dir': {'medium': None, 'size_limit': None},
                       'ephemeral': None,
                       'fc': None,
                       'flex_volume': None,
                       'flocker': None,
                       'gce_persistent_disk': None,
                       'git_repo': None,
                       'glusterfs': None,
                       'host_path': None,
                       'image': None,
                       'iscsi': None,
                       'name': 'kserve-provision-location',
                       'nfs': None,
                       'persistent_volume_claim': None,
                       'photon_persistent_disk': None,
                       'portworx_volume': None,
                       'projected': None,
                       'quobyte': None,
                       'rbd': None,
                       'scale_io': None,
                       'secret': None,
                       'storageos': None,
                       'vsphere_volume': None}]},
 'status': {'conditions': [{'last_probe_time': None,
                            'last_transition_time': datetime.datetime(2024, 11, 7, 8, 55, 33, tzinfo=tzutc()),
                            'message': None,
                            'reason': None,
                            'status': 'True',
                            'type': 'Initialized'},
                           {'last_probe_time': None,
                            'last_transition_time': datetime.datetime(2024, 11, 7, 8, 56, 45, tzinfo=tzutc()),
                            'message': None,
                            'reason': None,
                            'status': 'True',
                            'type': 'Ready'},
                           {'last_probe_time': None,
                            'last_transition_time': datetime.datetime(2024, 11, 7, 8, 56, 45, tzinfo=tzutc()),
                            'message': None,
                            'reason': None,
                            'status': 'True',
                            'type': 'ContainersReady'},
                           {'last_probe_time': None,
                            'last_transition_time': datetime.datetime(2024, 11, 7, 8, 55, 24, tzinfo=tzutc()),
                            'message': None,
                            'reason': None,
                            'status': 'True',
                            'type': 'PodScheduled'}],
            'container_statuses': [{'allocated_resources': None,
                                    'allocated_resources_status': None,
                                    'container_id': 'cri-o://322d3e4abc173f38f0ed05e75faaf923a9555c3d45d3c58c1b21cbaff8bcbf9f',
                                    'image': 'quay.io/sonikabrahma/sklearnserver:latest',
                                    'image_id': 'quay.io/sonikabrahma/sklearnserver@sha256:7d32fc32433ec2f8558d75a4c2de844617bc1af99c8236d88a2399f50d389aa4',
                                    'last_state': {'running': None,
                                                   'terminated': None,
                                                   'waiting': None},
                                    'name': 'kserve-container',
                                    'ready': True,
                                    'resources': None,
                                    'restart_count': 0,
                                    'started': True,
                                    'state': {'running': {'started_at': datetime.datetime(2024, 11, 7, 8, 55, 33, tzinfo=tzutc())},
                                              'terminated': None,
                                              'waiting': None},
                                    'user': None,
                                    'volume_mounts': None},
                                   {'allocated_resources': None,
                                    'allocated_resources_status': None,
                                    'container_id': 'cri-o://c948c33c16eebfa44bac9f88773dd3a1c97401abbe4b8eb881c7948d9f14aa4d',
                                    'image': 'registry.redhat.io/openshift-serverless-1/serving-queue-rhel8@sha256:629183a90335e9159284f641103234e79a49e48785c59f3c800f74acea2faa64',
                                    'image_id': 'registry.redhat.io/openshift-serverless-1/serving-queue-rhel8@sha256:26f66bcf1f683f1a24664e3c6fa8db42321b5d7880e5b41d7578affb0e93c31c',
                                    'last_state': {'running': None,
                                                   'terminated': None,
                                                   'waiting': None},
                                    'name': 'queue-proxy',
                                    'ready': True,
                                    'resources': None,
                                    'restart_count': 0,
                                    'started': True,
                                    'state': {'running': {'started_at': datetime.datetime(2024, 11, 7, 8, 55, 33, tzinfo=tzutc())},
                                              'terminated': None,
                                              'waiting': None},
                                    'user': None,
                                    'volume_mounts': None}],
            'ephemeral_container_statuses': None,
            'host_i_ps': None,
            'host_ip': '192.168.150.7',
            'init_container_statuses': [{'allocated_resources': None,
                                         'allocated_resources_status': None,
                                         'container_id': 'cri-o://7b0c481a1dc75ee942f1eaed54284747e3695fc78fc3f003b117aa86efc17c74',
                                         'image': 'quay.io/sonikabrahma/kserve/storage-initializer-s390x:latest',
                                         'image_id': 'quay.io/sonikabrahma/kserve/storage-initializer-s390x@sha256:bfc247dce32fb95084d014d1928f3942198fbf8f40fc9797949bab9b51ac90de',
                                         'last_state': {'running': None,
                                                        'terminated': None,
                                                        'waiting': None},
                                         'name': 'storage-initializer',
                                         'ready': True,
                                         'resources': None,
                                         'restart_count': 0,
                                         'started': False,
                                         'state': {'running': None,
                                                   'terminated': {'container_id': 'cri-o://7b0c481a1dc75ee942f1eaed54284747e3695fc78fc3f003b117aa86efc17c74',
                                                                  'exit_code': 0,
                                                                  'finished_at': datetime.datetime(2024, 11, 7, 8, 55, 32, tzinfo=tzutc()),
                                                                  'message': None,
                                                                  'reason': 'Completed',
                                                                  'signal': None,
                                                                  'started_at': datetime.datetime(2024, 11, 7, 8, 55, 25, tzinfo=tzutc())},
                                                   'waiting': None},
                                         'user': None,
                                         'volume_mounts': None}],
            'message': None,
            'nominated_node_name': None,
            'phase': 'Running',
            'pod_i_ps': [{'ip': '10.128.2.38'}],
            'pod_ip': '10.128.2.38',
            'qos_class': 'Burstable',
            'reason': None,
            'resize': None,
            'resource_claim_statuses': None,
            'start_time': datetime.datetime(2024, 11, 7, 8, 55, 24, tzinfo=tzutc())}}
FAILED                                                                   [ 11%]
graph/test_inference_graph.py::test_inference_graph 
-------------------------------- live log call ---------------------------------
INFO     kserve.trace:test_inference_graph.py:37 Starting test test_inference_graph
FAILED                                                                   [ 12%]
graph/test_inference_graph.py::test_ig_scenario1 
-------------------------------- live log call ---------------------------------
INFO     kserve.trace:test_inference_graph.py:233 Starting test test_ig_scenario1
INFO     kserve.trace:test_inference_graph.py:201 SUCCESS_ISVC_IMAGE is kserve/success-200-isvc:2376eeb3256034fcaa5ee8f494c014576a2b4f5e
INFO     kserve.trace:test_inference_graph.py:202 ERROR_ISVC_IMAGE is kserve/error-404-isvc:2376eeb3256034fcaa5ee8f494c014576a2b4f5e
INFO     kserve.trace:test_inference_graph.py:238 success_isvc_name is success-200-isvc-c0d5a
INFO     kserve.trace:test_inference_graph.py:239 error_isvc_name is error-404-isvc-c0d5a
FAILED                                                                   [ 13%]
graph/test_inference_graph.py::test_ig_scenario2 
-------------------------------- live log call ---------------------------------
INFO     kserve.trace:test_inference_graph.py:308 Starting test test_ig_scenario2
INFO     kserve.trace:test_inference_graph.py:201 SUCCESS_ISVC_IMAGE is kserve/success-200-isvc:2376eeb3256034fcaa5ee8f494c014576a2b4f5e
INFO     kserve.trace:test_inference_graph.py:202 ERROR_ISVC_IMAGE is kserve/error-404-isvc:2376eeb3256034fcaa5ee8f494c014576a2b4f5e
INFO     kserve.trace:test_inference_graph.py:313 success_isvc_name is success-200-isvc-76d85
INFO     kserve.trace:test_inference_graph.py:314 error_isvc_name is error-404-isvc-76d85
